#
# There is insufficient memory for the Java Runtime Environment to continue.
# Native memory allocation (malloc) failed to allocate 1051776 bytes for Chunk::new
# Possible reasons:
#   The system is out of physical RAM or swap space
#   The process is running with CompressedOops enabled, and the Java Heap may be blocking the growth of the native heap
# Possible solutions:
#   Reduce memory load on the system
#   Increase physical memory or swap space
#   Check if swap backing store is full
#   Decrease Java heap size (-Xmx/-Xms)
#   Decrease number of Java threads
#   Decrease Java thread stack sizes (-Xss)
#   Set larger code cache with -XX:ReservedCodeCacheSize=
#   JVM is running with Unscaled Compressed Oops mode in which the Java heap is
#     placed in the first 4GB address space. The Java Heap base address is the
#     maximum limit for the native heap growth. Please use -XX:HeapBaseMinAddress
#     to set the Java Heap base and to place the Java Heap above 4GB virtual address.
# This output file may be truncated or incomplete.
#
#  Out of Memory Error (arena.cpp:189), pid=15028, tid=37200
#
# JRE version: Java(TM) SE Runtime Environment (17.0+35) (build 17+35-LTS-2724)
# Java VM: Java HotSpot(TM) 64-Bit Server VM (17+35-LTS-2724, mixed mode, sharing, tiered, compressed oops, compressed class ptrs, g1 gc, windows-amd64)
# No core dump will be written. Minidumps are not enabled by default on client versions of Windows
#

---------------  S U M M A R Y ------------

Command Line: --add-opens=java.base/java.lang=ALL-UNNAMED --add-opens=java.base/java.lang.invoke=ALL-UNNAMED --add-opens=java.base/java.util=ALL-UNNAMED --add-opens=java.prefs/java.util.prefs=ALL-UNNAMED --add-exports=jdk.compiler/com.sun.tools.javac.api=ALL-UNNAMED --add-exports=jdk.compiler/com.sun.tools.javac.util=ALL-UNNAMED --add-opens=java.base/java.util=ALL-UNNAMED --add-opens=java.prefs/java.util.prefs=ALL-UNNAMED --add-opens=java.base/java.nio.charset=ALL-UNNAMED --add-opens=java.base/java.net=ALL-UNNAMED --add-opens=java.base/java.util.concurrent.atomic=ALL-UNNAMED --add-opens=java.xml/javax.xml.namespace=ALL-UNNAMED -XX:MaxMetaspaceSize=512m -Xmx2048m -Dfile.encoding=UTF-8 -Duser.country=MX -Duser.language=es -Duser.variant -javaagent:C:\Users\ramonbl\.gradle\wrapper\dists\gradle-8.13-bin\5xuhj0ry160q40clulazy9h7d\gradle-8.13\lib\agents\gradle-instrumentation-agent-8.13.jar org.gradle.launcher.daemon.bootstrap.GradleDaemon 8.13

Host: 11th Gen Intel(R) Core(TM) i5-11400H @ 2.70GHz, 12 cores, 7G,  Windows 10 , 64 bit Build 26100 (10.0.26100.3775)
Time: Fri May 16 00:41:25 2025 Hora estándar Montañas, EE.UU. elapsed time: 9.539877 seconds (0d 0h 0m 9s)

---------------  T H R E A D  ---------------

Current thread (0x000001bce4af9da0):  JavaThread "C2 CompilerThread0" daemon [_thread_in_native, id=37200, stack(0x00000088acb00000,0x00000088acc00000)]


Current CompileTask:
C2:   9540 4490       4       java.lang.Class::getAnnotation (22 bytes)

Stack: [0x00000088acb00000,0x00000088acc00000]
Native frames: (J=compiled Java code, j=interpreted, Vv=VM code, C=native code)
V  [jvm.dll+0x66f8ea]
V  [jvm.dll+0x7ce224]
V  [jvm.dll+0x7cf9ce]
V  [jvm.dll+0x7d0033]
V  [jvm.dll+0x242bb5]
V  [jvm.dll+0xaa05b]
V  [jvm.dll+0xaa5ec]
V  [jvm.dll+0x2a954f]
V  [jvm.dll+0x5784b9]
V  [jvm.dll+0x21de2d]
V  [jvm.dll+0x21e20f]
V  [jvm.dll+0x217ada]
V  [jvm.dll+0x214fb5]
V  [jvm.dll+0x1a168d]
V  [jvm.dll+0x2248f8]
V  [jvm.dll+0x222a5c]
V  [jvm.dll+0x78422b]
V  [jvm.dll+0x77e7ea]
V  [jvm.dll+0x66e715]
C  [ucrtbase.dll+0x37b0]
C  [KERNEL32.DLL+0x2e8d7]
C  [ntdll.dll+0xb14fc]


---------------  P R O C E S S  ---------------

Threads class SMR info:
_java_thread_list=0x000001bce9e517c0, length=46, elements={
0x000001bcc6bb24c0, 0x000001bce4ae6da0, 0x000001bce4ae9670, 0x000001bce4af76c0,
0x000001bce4af7f80, 0x000001bce4af8840, 0x000001bce4af9100, 0x000001bce4af9da0,
0x000001bce4b07790, 0x000001bce4b0e4c0, 0x000001bce5d10600, 0x000001bce5dd03e0,
0x000001bce6cdabc0, 0x000001bce6db7640, 0x000001bce6fd3dd0, 0x000001bce6deaae0,
0x000001bce6deafb0, 0x000001bce7b175e0, 0x000001bce7b31120, 0x000001bce7b6db10,
0x000001bce7b6e4b0, 0x000001bce7b6be30, 0x000001bce7b6c300, 0x000001bce7b6e980,
0x000001bce7b6b960, 0x000001bce7b6c7d0, 0x000001bce7b6cca0, 0x000001bce7b6d170,
0x000001bce7b6d640, 0x000001bce7b6dfe0, 0x000001bce7b6b490, 0x000001bce86aa5c0,
0x000001bce86aaa90, 0x000001bce86ad5e0, 0x000001bce86ab430, 0x000001bce86ae920,
0x000001bce86ae450, 0x000001bce86adab0, 0x000001bce86aedf0, 0x000001bce86ac2a0,
0x000001bce86ac770, 0x000001bce86acc40, 0x000001bce86af2c0, 0x000001bcec00af70,
0x000001bce9e034a0, 0x000001bce86af790
}

Java Threads: ( => current thread )
  0x000001bcc6bb24c0 JavaThread "main" [_thread_blocked, id=24440, stack(0x00000088abe00000,0x00000088abf00000)]
  0x000001bce4ae6da0 JavaThread "Reference Handler" daemon [_thread_blocked, id=19444, stack(0x00000088ac500000,0x00000088ac600000)]
  0x000001bce4ae9670 JavaThread "Finalizer" daemon [_thread_blocked, id=21724, stack(0x00000088ac600000,0x00000088ac700000)]
  0x000001bce4af76c0 JavaThread "Signal Dispatcher" daemon [_thread_blocked, id=34972, stack(0x00000088ac700000,0x00000088ac800000)]
  0x000001bce4af7f80 JavaThread "Attach Listener" daemon [_thread_blocked, id=37812, stack(0x00000088ac800000,0x00000088ac900000)]
  0x000001bce4af8840 JavaThread "Service Thread" daemon [_thread_blocked, id=39492, stack(0x00000088ac900000,0x00000088aca00000)]
  0x000001bce4af9100 JavaThread "Monitor Deflation Thread" daemon [_thread_blocked, id=37724, stack(0x00000088aca00000,0x00000088acb00000)]
=>0x000001bce4af9da0 JavaThread "C2 CompilerThread0" daemon [_thread_in_native, id=37200, stack(0x00000088acb00000,0x00000088acc00000)]
  0x000001bce4b07790 JavaThread "C1 CompilerThread0" daemon [_thread_blocked, id=36344, stack(0x00000088acc00000,0x00000088acd00000)]
  0x000001bce4b0e4c0 JavaThread "Sweeper thread" daemon [_thread_blocked, id=3400, stack(0x00000088acd00000,0x00000088ace00000)]
  0x000001bce5d10600 JavaThread "Common-Cleaner" daemon [_thread_blocked, id=34552, stack(0x00000088ace00000,0x00000088acf00000)]
  0x000001bce5dd03e0 JavaThread "Notification Thread" daemon [_thread_blocked, id=35764, stack(0x00000088acf00000,0x00000088ad000000)]
  0x000001bce6cdabc0 JavaThread "Daemon health stats" [_thread_blocked, id=10324, stack(0x00000088ad500000,0x00000088ad600000)]
  0x000001bce6db7640 JavaThread "Incoming local TCP Connector on port 60024" [_thread_in_native, id=18764, stack(0x00000088ad600000,0x00000088ad700000)]
  0x000001bce6fd3dd0 JavaThread "Daemon periodic checks" [_thread_blocked, id=1436, stack(0x00000088ad700000,0x00000088ad800000)]
  0x000001bce6deaae0 JavaThread "Daemon" [_thread_blocked, id=23636, stack(0x00000088ad800000,0x00000088ad900000)]
  0x000001bce6deafb0 JavaThread "Handler for socket connection from /127.0.0.1:60024 to /127.0.0.1:60025" [_thread_in_native, id=39768, stack(0x00000088ad900000,0x00000088ada00000)]
  0x000001bce7b175e0 JavaThread "Cancel handler" [_thread_blocked, id=11804, stack(0x00000088ada00000,0x00000088adb00000)]
  0x000001bce7b31120 JavaThread "Daemon worker" [_thread_in_vm, id=16844, stack(0x00000088adb00000,0x00000088adc00000)]
  0x000001bce7b6db10 JavaThread "Asynchronous log dispatcher for DefaultDaemonConnection: socket connection from /127.0.0.1:60024 to /127.0.0.1:60025" [_thread_blocked, id=33432, stack(0x00000088adc00000,0x00000088add00000)]
  0x000001bce7b6e4b0 JavaThread "Stdin handler" [_thread_blocked, id=21756, stack(0x00000088add00000,0x00000088ade00000)]
  0x000001bce7b6be30 JavaThread "Daemon client event forwarder" [_thread_blocked, id=22972, stack(0x00000088ade00000,0x00000088adf00000)]
  0x000001bce7b6c300 JavaThread "Cache worker for journal cache (C:\Users\ramonbl\.gradle\caches\journal-1)" [_thread_blocked, id=24900, stack(0x00000088adf00000,0x00000088ae000000)]
  0x000001bce7b6e980 JavaThread "File lock request listener" [_thread_in_native, id=29844, stack(0x00000088ae000000,0x00000088ae100000)]
  0x000001bce7b6b960 JavaThread "Cache worker for file hash cache (C:\Users\ramonbl\.gradle\caches\8.13\fileHashes)" [_thread_blocked, id=36824, stack(0x00000088ae100000,0x00000088ae200000)]
  0x000001bce7b6c7d0 JavaThread "Cache worker for file hash cache (C:\Users\ramonbl\TestRn\android\.gradle\8.13\fileHashes)" [_thread_blocked, id=23160, stack(0x00000088ae700000,0x00000088ae800000)]
  0x000001bce7b6cca0 JavaThread "Cache worker for Build Output Cleanup Cache (C:\Users\ramonbl\TestRn\android\.gradle\buildOutputCleanup)" [_thread_blocked, id=18732, stack(0x00000088ae800000,0x00000088ae900000)]
  0x000001bce7b6d170 JavaThread "File watcher server" daemon [_thread_in_native, id=38504, stack(0x00000088aeb00000,0x00000088aec00000)]
  0x000001bce7b6d640 JavaThread "File watcher consumer" daemon [_thread_blocked, id=39380, stack(0x00000088aec00000,0x00000088aed00000)]
  0x000001bce7b6dfe0 JavaThread "jar transforms" [_thread_blocked, id=31052, stack(0x00000088aed00000,0x00000088aee00000)]
  0x000001bce7b6b490 JavaThread "jar transforms Thread 2" [_thread_blocked, id=5688, stack(0x00000088aee00000,0x00000088aef00000)]
  0x000001bce86aa5c0 JavaThread "jar transforms Thread 3" [_thread_blocked, id=32164, stack(0x00000088aef00000,0x00000088af000000)]
  0x000001bce86aaa90 JavaThread "jar transforms Thread 4" [_thread_blocked, id=31696, stack(0x00000088af000000,0x00000088af100000)]
  0x000001bce86ad5e0 JavaThread "jar transforms Thread 5" [_thread_blocked, id=5368, stack(0x00000088af100000,0x00000088af200000)]
  0x000001bce86ab430 JavaThread "Cache worker for checksums cache (C:\Users\ramonbl\TestRn\android\.gradle\8.13\checksums)" [_thread_blocked, id=38680, stack(0x00000088af200000,0x00000088af300000)]
  0x000001bce86ae920 JavaThread "Cache worker for file content cache (C:\Users\ramonbl\.gradle\caches\8.13\fileContent)" [_thread_blocked, id=37524, stack(0x00000088af300000,0x00000088af400000)]
  0x000001bce86ae450 JavaThread "jar transforms Thread 6" [_thread_blocked, id=23984, stack(0x00000088af400000,0x00000088af500000)]
  0x000001bce86adab0 JavaThread "jar transforms Thread 7" [_thread_blocked, id=24868, stack(0x00000088af500000,0x00000088af600000)]
  0x000001bce86aedf0 JavaThread "jar transforms Thread 8" [_thread_blocked, id=33152, stack(0x00000088af600000,0x00000088af700000)]
  0x000001bce86ac2a0 JavaThread "jar transforms Thread 9" [_thread_blocked, id=22628, stack(0x00000088af700000,0x00000088af800000)]
  0x000001bce86ac770 JavaThread "jar transforms Thread 10" [_thread_blocked, id=21576, stack(0x00000088af800000,0x00000088af900000)]
  0x000001bce86acc40 JavaThread "Cache worker for cache directory md-supplier (C:\Users\ramonbl\.gradle\caches\8.13\md-supplier)" [_thread_blocked, id=6240, stack(0x00000088af900000,0x00000088afa00000)]
  0x000001bce86af2c0 JavaThread "Cache worker for cache directory md-rule (C:\Users\ramonbl\.gradle\caches\8.13\md-rule)" [_thread_blocked, id=35428, stack(0x00000088afa00000,0x00000088afb00000)]
  0x000001bcec00af70 JavaThread "C2 CompilerThread1" daemon [_thread_in_native, id=5948, stack(0x00000088afb00000,0x00000088afc00000)]
  0x000001bce9e034a0 JavaThread "C2 CompilerThread2" daemon [_thread_in_native, id=27596, stack(0x00000088afc00000,0x00000088afd00000)]
  0x000001bce86af790 JavaThread "Cache worker for Build Output Cleanup Cache (C:\Users\ramonbl\TestRn\node_modules\@react-native\gradle-plugin\.gradle\buildOutputCleanup)" [_thread_blocked, id=11684, stack(0x00000088afd00000,0x00000088afe00000)]

Other Threads:
  0x000001bce4ae0fe0 VMThread "VM Thread" [stack: 0x00000088ac400000,0x00000088ac500000] [id=33572]
  0x000001bcc6c123f0 WatcherThread [stack: 0x00000088ad000000,0x00000088ad100000] [id=20312]
  0x000001bcc483e8c0 GCTaskThread "GC Thread#0" [stack: 0x00000088abf00000,0x00000088ac000000] [id=15580]
  0x000001bce60b5050 GCTaskThread "GC Thread#1" [stack: 0x00000088ad100000,0x00000088ad200000] [id=30148]
  0x000001bce60c16e0 GCTaskThread "GC Thread#2" [stack: 0x00000088ad200000,0x00000088ad300000] [id=11956]
  0x000001bce5e64a70 GCTaskThread "GC Thread#3" [stack: 0x00000088ad300000,0x00000088ad400000] [id=39904]
  0x000001bce654c1e0 GCTaskThread "GC Thread#4" [stack: 0x00000088ad400000,0x00000088ad500000] [id=31828]
  0x000001bce7a0ac20 GCTaskThread "GC Thread#5" [stack: 0x00000088ae200000,0x00000088ae300000] [id=3300]
  0x000001bce7b34630 GCTaskThread "GC Thread#6" [stack: 0x00000088ae300000,0x00000088ae400000] [id=35812]
  0x000001bce7b5d790 GCTaskThread "GC Thread#7" [stack: 0x00000088ae400000,0x00000088ae500000] [id=37804]
  0x000001bce7b09f00 GCTaskThread "GC Thread#8" [stack: 0x00000088ae500000,0x00000088ae600000] [id=34884]
  0x000001bce7dd4200 GCTaskThread "GC Thread#9" [stack: 0x00000088ae600000,0x00000088ae700000] [id=15556]
  0x000001bcc6bcedf0 ConcurrentGCThread "G1 Main Marker" [stack: 0x00000088ac000000,0x00000088ac100000] [id=27176]
  0x000001bcc6c057b0 ConcurrentGCThread "G1 Conc#0" [stack: 0x00000088ac100000,0x00000088ac200000] [id=25096]
  0x000001bce7dd4a10 ConcurrentGCThread "G1 Conc#1" [stack: 0x00000088ae900000,0x00000088aea00000] [id=29472]
  0x000001bce7dd31e0 ConcurrentGCThread "G1 Conc#2" [stack: 0x00000088aea00000,0x00000088aeb00000] [id=10532]
  0x000001bcc477b830 ConcurrentGCThread "G1 Refine#0" [stack: 0x00000088ac200000,0x00000088ac300000] [id=2064]
  0x000001bcc6c3ded0 ConcurrentGCThread "G1 Service" [stack: 0x00000088ac300000,0x00000088ac400000] [id=11712]

Threads with active compile tasks:
C2 CompilerThread0    10593 4490       4       java.lang.Class::getAnnotation (22 bytes)
C1 CompilerThread0    10593 4588       3       java.lang.invoke.InvokerBytecodeGenerator::<init> (80 bytes)
C2 CompilerThread1    10593 4502       4       org.objectweb.asm.Frame::execute (2303 bytes)
C2 CompilerThread2    10593 4565       4       jdk.internal.misc.Unsafe::putReferenceOpaque (9 bytes)

VM state: not at safepoint (normal execution)

VM Mutex/Monitor currently owned by a thread: None

Heap address: 0x0000000080000000, size: 2048 MB, Compressed Oops mode: 32-bit

CDS archive(s) mapped at: [0x0000000800000000-0x0000000800bc0000-0x0000000800bc0000), size 12320768, SharedBaseAddress: 0x0000000800000000, ArchiveRelocationMode: 0.
Compressed class space mapped at: 0x0000000800c00000-0x000000081a800000, reserved size: 432013312
Narrow klass base: 0x0000000800000000, Narrow klass shift: 0, Narrow klass range: 0x100000000

GC Precious Log:
 CPUs: 12 total, 12 available
 Memory: 7930M
 Large Page Support: Disabled
 NUMA Support: Disabled
 Compressed Oops: Enabled (32-bit)
 Heap Region Size: 1M
 Heap Min Capacity: 8M
 Heap Initial Capacity: 124M
 Heap Max Capacity: 2G
 Pre-touch: Disabled
 Parallel Workers: 10
 Concurrent Workers: 3
 Concurrent Refinement Workers: 10
 Periodic GC: Disabled

Heap:
 garbage-first heap   total 103424K, used 74226K [0x0000000080000000, 0x0000000100000000)
  region size 1024K, 44 young (45056K), 4 survivors (4096K)
 Metaspace       used 39773K, committed 40320K, reserved 462848K
  class space    used 5522K, committed 5824K, reserved 421888K

Heap Regions: E=young(eden), S=young(survivor), O=old, HS=humongous(starts), HC=humongous(continues), CS=collection set, F=free, OA=open archive, CA=closed archive, TAMS=top-at-mark-start (previous, next)
|   0|0x0000000080000000, 0x0000000080100000, 0x0000000080100000|100%|HS|  |TAMS 0x0000000080100000, 0x0000000080000000| Complete 
|   1|0x0000000080100000, 0x0000000080200000, 0x0000000080200000|100%|HC|  |TAMS 0x0000000080200000, 0x0000000080100000| Complete 
|   2|0x0000000080200000, 0x0000000080300000, 0x0000000080300000|100%|HC|  |TAMS 0x0000000080300000, 0x0000000080200000| Complete 
|   3|0x0000000080300000, 0x0000000080400000, 0x0000000080400000|100%| O|  |TAMS 0x0000000080400000, 0x0000000080300000| Untracked 
|   4|0x0000000080400000, 0x0000000080500000, 0x0000000080500000|100%| O|  |TAMS 0x0000000080500000, 0x0000000080400000| Untracked 
|   5|0x0000000080500000, 0x0000000080600000, 0x0000000080600000|100%| O|  |TAMS 0x0000000080600000, 0x0000000080500000| Untracked 
|   6|0x0000000080600000, 0x0000000080700000, 0x0000000080700000|100%|HS|  |TAMS 0x0000000080700000, 0x0000000080600000| Complete 
|   7|0x0000000080700000, 0x0000000080800000, 0x0000000080800000|100%| O|  |TAMS 0x0000000080800000, 0x0000000080700000| Untracked 
|   8|0x0000000080800000, 0x0000000080900000, 0x0000000080900000|100%| O|  |TAMS 0x0000000080900000, 0x0000000080800000| Untracked 
|   9|0x0000000080900000, 0x0000000080a00000, 0x0000000080a00000|100%| O|  |TAMS 0x0000000080a00000, 0x0000000080900000| Untracked 
|  10|0x0000000080a00000, 0x0000000080b00000, 0x0000000080b00000|100%| O|  |TAMS 0x0000000080b00000, 0x0000000080a00000| Untracked 
|  11|0x0000000080b00000, 0x0000000080c00000, 0x0000000080c00000|100%| O|  |TAMS 0x0000000080c00000, 0x0000000080b00000| Untracked 
|  12|0x0000000080c00000, 0x0000000080d00000, 0x0000000080d00000|100%| O|  |TAMS 0x0000000080d00000, 0x0000000080c00000| Untracked 
|  13|0x0000000080d00000, 0x0000000080e00000, 0x0000000080e00000|100%| O|  |TAMS 0x0000000080e00000, 0x0000000080d00000| Untracked 
|  14|0x0000000080e00000, 0x0000000080f00000, 0x0000000080f00000|100%| O|  |TAMS 0x0000000080f00000, 0x0000000080e00000| Untracked 
|  15|0x0000000080f00000, 0x0000000080f00000, 0x0000000081000000|  0%| F|  |TAMS 0x0000000080f00000, 0x0000000080f00000| Untracked 
|  16|0x0000000081000000, 0x0000000081100000, 0x0000000081100000|100%| O|  |TAMS 0x0000000081100000, 0x0000000081000000| Untracked 
|  17|0x0000000081100000, 0x0000000081200000, 0x0000000081200000|100%| O|  |TAMS 0x0000000081200000, 0x0000000081100000| Untracked 
|  18|0x0000000081200000, 0x0000000081300000, 0x0000000081300000|100%| O|  |TAMS 0x0000000081300000, 0x0000000081200000| Untracked 
|  19|0x0000000081300000, 0x0000000081400000, 0x0000000081400000|100%| O|  |TAMS 0x0000000081400000, 0x0000000081300000| Untracked 
|  20|0x0000000081400000, 0x0000000081500000, 0x0000000081500000|100%| O|  |TAMS 0x0000000081500000, 0x0000000081400000| Untracked 
|  21|0x0000000081500000, 0x0000000081600000, 0x0000000081600000|100%| O|  |TAMS 0x0000000081600000, 0x0000000081500000| Untracked 
|  22|0x0000000081600000, 0x0000000081700000, 0x0000000081700000|100%| O|  |TAMS 0x0000000081700000, 0x0000000081600000| Untracked 
|  23|0x0000000081700000, 0x0000000081800000, 0x0000000081800000|100%| O|  |TAMS 0x0000000081800000, 0x0000000081700000| Untracked 
|  24|0x0000000081800000, 0x0000000081900000, 0x0000000081900000|100%| O|  |TAMS 0x0000000081900000, 0x0000000081800000| Untracked 
|  25|0x0000000081900000, 0x0000000081a00000, 0x0000000081a00000|100%| O|  |TAMS 0x0000000081a00000, 0x0000000081900000| Untracked 
|  26|0x0000000081a00000, 0x0000000081b00000, 0x0000000081b00000|100%| O|  |TAMS 0x0000000081b00000, 0x0000000081a00000| Untracked 
|  27|0x0000000081b00000, 0x0000000081b00000, 0x0000000081c00000|  0%| F|  |TAMS 0x0000000081b00000, 0x0000000081b00000| Untracked 
|  28|0x0000000081c00000, 0x0000000081c00000, 0x0000000081d00000|  0%| F|  |TAMS 0x0000000081c00000, 0x0000000081c00000| Untracked 
|  29|0x0000000081d00000, 0x0000000081d00000, 0x0000000081e00000|  0%| F|  |TAMS 0x0000000081d00000, 0x0000000081d00000| Untracked 
|  30|0x0000000081e00000, 0x0000000081e00000, 0x0000000081f00000|  0%| F|  |TAMS 0x0000000081e00000, 0x0000000081e00000| Untracked 
|  31|0x0000000081f00000, 0x0000000082000000, 0x0000000082000000|100%| O|  |TAMS 0x0000000081f00000, 0x0000000081f00000| Untracked 
|  32|0x0000000082000000, 0x0000000082100000, 0x0000000082100000|100%| O|  |TAMS 0x0000000082000000, 0x0000000082000000| Untracked 
|  33|0x0000000082100000, 0x0000000082200000, 0x0000000082200000|100%| O|  |TAMS 0x0000000082100000, 0x0000000082100000| Untracked 
|  34|0x0000000082200000, 0x0000000082300000, 0x0000000082300000|100%| O|  |TAMS 0x000000008223b000, 0x0000000082200000| Untracked 
|  35|0x0000000082300000, 0x0000000082358a00, 0x0000000082400000| 34%| O|  |TAMS 0x0000000082300000, 0x0000000082300000| Untracked 
|  36|0x0000000082400000, 0x0000000082400000, 0x0000000082500000|  0%| F|  |TAMS 0x0000000082400000, 0x0000000082400000| Untracked 
|  37|0x0000000082500000, 0x0000000082500000, 0x0000000082600000|  0%| F|  |TAMS 0x0000000082500000, 0x0000000082500000| Untracked 
|  38|0x0000000082600000, 0x0000000082600000, 0x0000000082700000|  0%| F|  |TAMS 0x0000000082600000, 0x0000000082600000| Untracked 
|  39|0x0000000082700000, 0x0000000082700000, 0x0000000082800000|  0%| F|  |TAMS 0x0000000082700000, 0x0000000082700000| Untracked 
|  40|0x0000000082800000, 0x0000000082800000, 0x0000000082900000|  0%| F|  |TAMS 0x0000000082800000, 0x0000000082800000| Untracked 
|  41|0x0000000082900000, 0x0000000082900000, 0x0000000082a00000|  0%| F|  |TAMS 0x0000000082900000, 0x0000000082900000| Untracked 
|  42|0x0000000082a00000, 0x0000000082a00000, 0x0000000082b00000|  0%| F|  |TAMS 0x0000000082a00000, 0x0000000082a00000| Untracked 
|  43|0x0000000082b00000, 0x0000000082b00000, 0x0000000082c00000|  0%| F|  |TAMS 0x0000000082b00000, 0x0000000082b00000| Untracked 
|  44|0x0000000082c00000, 0x0000000082c00000, 0x0000000082d00000|  0%| F|  |TAMS 0x0000000082c00000, 0x0000000082c00000| Untracked 
|  45|0x0000000082d00000, 0x0000000082d00000, 0x0000000082e00000|  0%| F|  |TAMS 0x0000000082d00000, 0x0000000082d00000| Untracked 
|  46|0x0000000082e00000, 0x0000000082e00000, 0x0000000082f00000|  0%| F|  |TAMS 0x0000000082e00000, 0x0000000082e00000| Untracked 
|  47|0x0000000082f00000, 0x0000000082f00000, 0x0000000083000000|  0%| F|  |TAMS 0x0000000082f00000, 0x0000000082f00000| Untracked 
|  48|0x0000000083000000, 0x0000000083000000, 0x0000000083100000|  0%| F|  |TAMS 0x0000000083000000, 0x0000000083000000| Untracked 
|  49|0x0000000083100000, 0x0000000083100000, 0x0000000083200000|  0%| F|  |TAMS 0x0000000083100000, 0x0000000083100000| Untracked 
|  50|0x0000000083200000, 0x0000000083200000, 0x0000000083300000|  0%| F|  |TAMS 0x0000000083200000, 0x0000000083200000| Untracked 
|  51|0x0000000083300000, 0x0000000083300000, 0x0000000083400000|  0%| F|  |TAMS 0x0000000083300000, 0x0000000083300000| Untracked 
|  52|0x0000000083400000, 0x0000000083400000, 0x0000000083500000|  0%| F|  |TAMS 0x0000000083400000, 0x0000000083400000| Untracked 
|  53|0x0000000083500000, 0x0000000083500000, 0x0000000083600000|  0%| F|  |TAMS 0x0000000083500000, 0x0000000083500000| Untracked 
|  54|0x0000000083600000, 0x0000000083600000, 0x0000000083700000|  0%| F|  |TAMS 0x0000000083600000, 0x0000000083600000| Untracked 
|  55|0x0000000083700000, 0x0000000083700000, 0x0000000083800000|  0%| F|  |TAMS 0x0000000083700000, 0x0000000083700000| Untracked 
|  56|0x0000000083800000, 0x0000000083800000, 0x0000000083900000|  0%| F|  |TAMS 0x0000000083800000, 0x0000000083800000| Untracked 
|  57|0x0000000083900000, 0x0000000083982ae8, 0x0000000083a00000| 51%| E|  |TAMS 0x0000000083900000, 0x0000000083900000| Complete 
|  58|0x0000000083a00000, 0x0000000083b00000, 0x0000000083b00000|100%| E|CS|TAMS 0x0000000083a00000, 0x0000000083a00000| Complete 
|  59|0x0000000083b00000, 0x0000000083c00000, 0x0000000083c00000|100%| E|CS|TAMS 0x0000000083b00000, 0x0000000083b00000| Complete 
|  60|0x0000000083c00000, 0x0000000083d00000, 0x0000000083d00000|100%| E|CS|TAMS 0x0000000083c00000, 0x0000000083c00000| Complete 
|  61|0x0000000083d00000, 0x0000000083e00000, 0x0000000083e00000|100%| E|CS|TAMS 0x0000000083d00000, 0x0000000083d00000| Complete 
|  62|0x0000000083e00000, 0x0000000083f00000, 0x0000000083f00000|100%| E|CS|TAMS 0x0000000083e00000, 0x0000000083e00000| Complete 
|  63|0x0000000083f00000, 0x0000000084000000, 0x0000000084000000|100%| E|CS|TAMS 0x0000000083f00000, 0x0000000083f00000| Complete 
|  64|0x0000000084000000, 0x0000000084100000, 0x0000000084100000|100%| E|CS|TAMS 0x0000000084000000, 0x0000000084000000| Complete 
|  65|0x0000000084100000, 0x0000000084200000, 0x0000000084200000|100%| E|CS|TAMS 0x0000000084100000, 0x0000000084100000| Complete 
|  66|0x0000000084200000, 0x0000000084300000, 0x0000000084300000|100%| E|CS|TAMS 0x0000000084200000, 0x0000000084200000| Complete 
|  67|0x0000000084300000, 0x0000000084400000, 0x0000000084400000|100%| E|CS|TAMS 0x0000000084300000, 0x0000000084300000| Complete 
|  68|0x0000000084400000, 0x0000000084500000, 0x0000000084500000|100%| E|CS|TAMS 0x0000000084400000, 0x0000000084400000| Complete 
|  69|0x0000000084500000, 0x0000000084600000, 0x0000000084600000|100%| E|CS|TAMS 0x0000000084500000, 0x0000000084500000| Complete 
|  70|0x0000000084600000, 0x0000000084700000, 0x0000000084700000|100%| E|CS|TAMS 0x0000000084600000, 0x0000000084600000| Complete 
|  71|0x0000000084700000, 0x0000000084800000, 0x0000000084800000|100%| E|CS|TAMS 0x0000000084700000, 0x0000000084700000| Complete 
|  72|0x0000000084800000, 0x0000000084900000, 0x0000000084900000|100%| E|CS|TAMS 0x0000000084800000, 0x0000000084800000| Complete 
|  73|0x0000000084900000, 0x0000000084923fc0, 0x0000000084a00000| 14%| S|CS|TAMS 0x0000000084900000, 0x0000000084900000| Complete 
|  74|0x0000000084a00000, 0x0000000084b00000, 0x0000000084b00000|100%| S|CS|TAMS 0x0000000084a00000, 0x0000000084a00000| Complete 
|  75|0x0000000084b00000, 0x0000000084c00000, 0x0000000084c00000|100%| S|CS|TAMS 0x0000000084b00000, 0x0000000084b00000| Complete 
|  76|0x0000000084c00000, 0x0000000084d00000, 0x0000000084d00000|100%| S|CS|TAMS 0x0000000084c00000, 0x0000000084c00000| Complete 
|  77|0x0000000084d00000, 0x0000000084e00000, 0x0000000084e00000|100%| E|CS|TAMS 0x0000000084d00000, 0x0000000084d00000| Complete 
|  78|0x0000000084e00000, 0x0000000084f00000, 0x0000000084f00000|100%| E|CS|TAMS 0x0000000084e00000, 0x0000000084e00000| Complete 
|  79|0x0000000084f00000, 0x0000000085000000, 0x0000000085000000|100%| E|CS|TAMS 0x0000000084f00000, 0x0000000084f00000| Complete 
|  80|0x0000000085000000, 0x0000000085100000, 0x0000000085100000|100%| E|CS|TAMS 0x0000000085000000, 0x0000000085000000| Complete 
|  81|0x0000000085100000, 0x0000000085200000, 0x0000000085200000|100%| E|CS|TAMS 0x0000000085100000, 0x0000000085100000| Complete 
|  82|0x0000000085200000, 0x0000000085300000, 0x0000000085300000|100%| E|CS|TAMS 0x0000000085200000, 0x0000000085200000| Complete 
|  83|0x0000000085300000, 0x0000000085400000, 0x0000000085400000|100%| E|CS|TAMS 0x0000000085300000, 0x0000000085300000| Complete 
|  84|0x0000000085400000, 0x0000000085500000, 0x0000000085500000|100%| E|CS|TAMS 0x0000000085400000, 0x0000000085400000| Complete 
|  85|0x0000000085500000, 0x0000000085600000, 0x0000000085600000|100%| E|CS|TAMS 0x0000000085500000, 0x0000000085500000| Complete 
|  86|0x0000000085600000, 0x0000000085700000, 0x0000000085700000|100%| E|CS|TAMS 0x0000000085600000, 0x0000000085600000| Complete 
|  87|0x0000000085700000, 0x0000000085800000, 0x0000000085800000|100%| E|CS|TAMS 0x0000000085700000, 0x0000000085700000| Complete 
|  88|0x0000000085800000, 0x0000000085900000, 0x0000000085900000|100%| E|CS|TAMS 0x0000000085800000, 0x0000000085800000| Complete 
|  89|0x0000000085900000, 0x0000000085a00000, 0x0000000085a00000|100%| E|CS|TAMS 0x0000000085900000, 0x0000000085900000| Complete 
|  90|0x0000000085a00000, 0x0000000085b00000, 0x0000000085b00000|100%| E|CS|TAMS 0x0000000085a00000, 0x0000000085a00000| Complete 
|  91|0x0000000085b00000, 0x0000000085c00000, 0x0000000085c00000|100%| E|CS|TAMS 0x0000000085b00000, 0x0000000085b00000| Complete 
|  92|0x0000000085c00000, 0x0000000085d00000, 0x0000000085d00000|100%| E|CS|TAMS 0x0000000085c00000, 0x0000000085c00000| Complete 
|  93|0x0000000085d00000, 0x0000000085e00000, 0x0000000085e00000|100%| E|CS|TAMS 0x0000000085d00000, 0x0000000085d00000| Complete 
|  94|0x0000000085e00000, 0x0000000085f00000, 0x0000000085f00000|100%| E|CS|TAMS 0x0000000085e00000, 0x0000000085e00000| Complete 
|  95|0x0000000085f00000, 0x0000000086000000, 0x0000000086000000|100%| E|CS|TAMS 0x0000000085f00000, 0x0000000085f00000| Complete 
|  96|0x0000000086000000, 0x0000000086100000, 0x0000000086100000|100%| E|CS|TAMS 0x0000000086000000, 0x0000000086000000| Complete 
|  97|0x0000000086100000, 0x0000000086200000, 0x0000000086200000|100%| E|CS|TAMS 0x0000000086100000, 0x0000000086100000| Complete 
|  98|0x0000000086200000, 0x0000000086300000, 0x0000000086300000|100%| E|CS|TAMS 0x0000000086200000, 0x0000000086200000| Complete 
|  99|0x0000000086300000, 0x0000000086400000, 0x0000000086400000|100%| E|CS|TAMS 0x0000000086300000, 0x0000000086300000| Complete 
| 123|0x0000000087b00000, 0x0000000087c00000, 0x0000000087c00000|100%| E|CS|TAMS 0x0000000087b00000, 0x0000000087b00000| Complete 

Card table byte_map: [0x000001bcddcd0000,0x000001bcde0d0000] _byte_map_base: 0x000001bcdd8d0000

Marking Bits (Prev, Next): (CMBitMap*) 0x000001bcc6bf1c40, (CMBitMap*) 0x000001bcc6bf1c80
 Prev Bits: [0x000001bcde4d0000, 0x000001bce04d0000)
 Next Bits: [0x000001bce04d0000, 0x000001bce24d0000)

Polling page: 0x000001bcc49f0000

Metaspace:

Usage:
  Non-class:     33.47 MB used.
      Class:      5.40 MB used.
       Both:     38.86 MB used.

Virtual space:
  Non-class space:       40.00 MB reserved,      33.69 MB ( 84%) committed,  5 nodes.
      Class space:      412.00 MB reserved,       5.69 MB (  1%) committed,  1 nodes.
             Both:      452.00 MB reserved,      39.38 MB (  9%) committed. 

Chunk freelists:
   Non-Class:  1.50 MB
       Class:  2.29 MB
        Both:  3.79 MB

MaxMetaspaceSize: 512.00 MB
CompressedClassSpaceSize: 412.00 MB
Initial GC threshold: 21.00 MB
Current GC threshold: 58.69 MB
CDS: on
MetaspaceReclaimPolicy: balanced
 - commit_granule_bytes: 65536.
 - commit_granule_words: 8192.
 - virtual_space_node_default_size: 1048576.
 - enlarge_chunks_in_place: 1.
 - new_chunks_are_fully_committed: 0.
 - uncommit_free_chunks: 1.
 - use_allocation_guard: 0.
 - handle_deallocations: 1.


Internal statistics:

num_allocs_failed_limit: 6.
num_arena_births: 552.
num_arena_deaths: 0.
num_vsnodes_births: 6.
num_vsnodes_deaths: 0.
num_space_committed: 630.
num_space_uncommitted: 0.
num_chunks_returned_to_freelist: 6.
num_chunks_taken_from_freelist: 2077.
num_chunk_merges: 6.
num_chunk_splits: 1352.
num_chunks_enlarged: 893.
num_purges: 0.
num_inconsistent_stats: 0.

CodeHeap 'non-profiled nmethods': size=120000Kb used=2216Kb max_used=2216Kb free=117783Kb
 bounds [0x000001bcd5e40000, 0x000001bcd60b0000, 0x000001bcdd370000]
CodeHeap 'profiled nmethods': size=120000Kb used=9371Kb max_used=9371Kb free=110628Kb
 bounds [0x000001bcce910000, 0x000001bccf240000, 0x000001bcd5e40000]
CodeHeap 'non-nmethods': size=5760Kb used=2313Kb max_used=2357Kb free=3446Kb
 bounds [0x000001bcce370000, 0x000001bcce5e0000, 0x000001bcce910000]
 total_blobs=5361 nmethods=4550 adapters=722
 compilation: enabled
              stopped_count=0, restarted_count=0
 full_count=0

Compilation events (20 events):
Event: 8.528 Thread 0x000001bce9e034a0 4554       4       java.lang.StringConcatHelper::mix (27 bytes)
Event: 8.529 Thread 0x000001bce9e034a0 nmethod 4554 0x000001bcd6061a90 code [0x000001bcd6061c00, 0x000001bcd6061cb8]
Event: 8.529 Thread 0x000001bce9e034a0 4492       4       java.lang.reflect.Method::getAnnotation (6 bytes)
Event: 8.530 Thread 0x000001bcec00af70 nmethod 4535 0x000001bcd6061e10 code [0x000001bcd6061fa0, 0x000001bcd60622f8]
Event: 8.530 Thread 0x000001bcec00af70 4498       4       java.lang.invoke.DirectMethodHandle$Holder::newInvokeSpecial (21 bytes)
Event: 8.531 Thread 0x000001bcec00af70 nmethod 4498 0x000001bcd6062490 code [0x000001bcd6062620, 0x000001bcd6062828]
Event: 8.531 Thread 0x000001bcec00af70 4502       4       org.objectweb.asm.Frame::execute (2303 bytes)
Event: 8.532 Thread 0x000001bce9e034a0 nmethod 4492 0x000001bcd6062a10 code [0x000001bcd6062bc0, 0x000001bcd6062f28]
Event: 8.532 Thread 0x000001bce9e034a0 4521       4       org.objectweb.asm.Symbol::<init> (38 bytes)
Event: 8.533 Thread 0x000001bce4b07790 4557       1       com.google.common.base.Suppliers$SupplierOfInstance::get (5 bytes)
Event: 8.533 Thread 0x000001bce4b07790 nmethod 4557 0x000001bcd6063290 code [0x000001bcd6063420, 0x000001bcd60634f8]
Event: 8.534 Thread 0x000001bce9e034a0 nmethod 4521 0x000001bcd6063590 code [0x000001bcd6063700, 0x000001bcd6063a18]
Event: 8.534 Thread 0x000001bce9e034a0 4516       4       sun.reflect.generics.reflectiveObjects.TypeVariableImpl::getGenericDeclaration (71 bytes)
Event: 8.534 Thread 0x000001bce9e034a0 nmethod 4516 0x000001bcd6063a90 code [0x000001bcd6063c20, 0x000001bcd6063d48]
Event: 8.534 Thread 0x000001bce9e034a0 4540       4       org.gradle.internal.event.DefaultListenerManager::getAnnotations (4 bytes)
Event: 8.535 Thread 0x000001bce9e034a0 nmethod 4540 0x000001bcd6063e90 code [0x000001bcd6064000, 0x000001bcd6064078]
Event: 8.535 Thread 0x000001bce9e034a0 4529       4       java.util.Collections$UnmodifiableCollection$1::hasNext (10 bytes)
Event: 8.535 Thread 0x000001bce9e034a0 nmethod 4529 0x000001bcd6064190 code [0x000001bcd6064300, 0x000001bcd6064398]
Event: 8.535 Thread 0x000001bce9e034a0 4491       4       org.gradle.internal.instantiation.generator.AbstractClassGenerator$DisabledAnnotationValidator::validateMethod (68 bytes)
Event: 9.536 Thread 0x000001bce4b07790 4558       3       java.util.Collections$UnmodifiableMap$UnmodifiableEntrySet$UnmodifiableEntry::getKey (10 bytes)

GC Heap History (18 events):
Event: 0.255 GC heap before
{Heap before GC invocations=0 (full 0):
 garbage-first heap   total 126976K, used 22528K [0x0000000080000000, 0x0000000100000000)
  region size 1024K, 23 young (23552K), 0 survivors (0K)
 Metaspace       used 1018K, committed 1152K, reserved 430080K
  class space    used 73K, committed 128K, reserved 421888K
}
Event: 0.258 GC heap after
{Heap after GC invocations=1 (full 0):
 garbage-first heap   total 126976K, used 1984K [0x0000000080000000, 0x0000000100000000)
  region size 1024K, 2 young (2048K), 2 survivors (2048K)
 Metaspace       used 1018K, committed 1152K, reserved 430080K
  class space    used 73K, committed 128K, reserved 421888K
}
Event: 0.594 GC heap before
{Heap before GC invocations=1 (full 0):
 garbage-first heap   total 126976K, used 39872K [0x0000000080000000, 0x0000000100000000)
  region size 1024K, 37 young (37888K), 2 survivors (2048K)
 Metaspace       used 4335K, committed 4544K, reserved 430080K
  class space    used 548K, committed 640K, reserved 421888K
}
Event: 0.600 GC heap after
{Heap after GC invocations=2 (full 0):
 garbage-first heap   total 126976K, used 10951K [0x0000000080000000, 0x0000000100000000)
  region size 1024K, 5 young (5120K), 5 survivors (5120K)
 Metaspace       used 4335K, committed 4544K, reserved 430080K
  class space    used 548K, committed 640K, reserved 421888K
}
Event: 0.909 GC heap before
{Heap before GC invocations=2 (full 0):
 garbage-first heap   total 126976K, used 69319K [0x0000000080000000, 0x0000000100000000)
  region size 1024K, 61 young (62464K), 5 survivors (5120K)
 Metaspace       used 4592K, committed 4800K, reserved 430080K
  class space    used 573K, committed 704K, reserved 421888K
}
Event: 0.917 GC heap after
{Heap after GC invocations=3 (full 0):
 garbage-first heap   total 126976K, used 15790K [0x0000000080000000, 0x0000000100000000)
  region size 1024K, 8 young (8192K), 8 survivors (8192K)
 Metaspace       used 4592K, committed 4800K, reserved 430080K
  class space    used 573K, committed 704K, reserved 421888K
}
Event: 2.443 GC heap before
{Heap before GC invocations=3 (full 0):
 garbage-first heap   total 126976K, used 83374K [0x0000000080000000, 0x0000000100000000)
  region size 1024K, 74 young (75776K), 8 survivors (8192K)
 Metaspace       used 16566K, committed 16896K, reserved 438272K
  class space    used 2332K, committed 2496K, reserved 421888K
}
Event: 2.450 GC heap after
{Heap after GC invocations=4 (full 0):
 garbage-first heap   total 126976K, used 21525K [0x0000000080000000, 0x0000000100000000)
  region size 1024K, 10 young (10240K), 10 survivors (10240K)
 Metaspace       used 16566K, committed 16896K, reserved 438272K
  class space    used 2332K, committed 2496K, reserved 421888K
}
Event: 2.949 GC heap before
{Heap before GC invocations=4 (full 0):
 garbage-first heap   total 126976K, used 63509K [0x0000000080000000, 0x0000000100000000)
  region size 1024K, 52 young (53248K), 10 survivors (10240K)
 Metaspace       used 21189K, committed 21504K, reserved 446464K
  class space    used 3097K, committed 3264K, reserved 421888K
}
Event: 2.955 GC heap after
{Heap after GC invocations=5 (full 0):
 garbage-first heap   total 126976K, used 23986K [0x0000000080000000, 0x0000000100000000)
  region size 1024K, 8 young (8192K), 8 survivors (8192K)
 Metaspace       used 21189K, committed 21504K, reserved 446464K
  class space    used 3097K, committed 3264K, reserved 421888K
}
Event: 3.512 GC heap before
{Heap before GC invocations=6 (full 0):
 garbage-first heap   total 86016K, used 65970K [0x0000000080000000, 0x0000000100000000)
  region size 1024K, 50 young (51200K), 8 survivors (8192K)
 Metaspace       used 26453K, committed 26880K, reserved 446464K
  class space    used 3867K, committed 4096K, reserved 421888K
}
Event: 3.520 GC heap after
{Heap after GC invocations=7 (full 0):
 garbage-first heap   total 103424K, used 27310K [0x0000000080000000, 0x0000000100000000)
  region size 1024K, 7 young (7168K), 7 survivors (7168K)
 Metaspace       used 26453K, committed 26880K, reserved 446464K
  class space    used 3867K, committed 4096K, reserved 421888K
}
Event: 3.531 GC heap before
{Heap before GC invocations=7 (full 0):
 garbage-first heap   total 103424K, used 28334K [0x0000000080000000, 0x0000000100000000)
  region size 1024K, 8 young (8192K), 7 survivors (7168K)
 Metaspace       used 26554K, committed 27008K, reserved 446464K
  class space    used 3888K, committed 4096K, reserved 421888K
}
Event: 3.535 GC heap after
{Heap after GC invocations=8 (full 0):
 garbage-first heap   total 103424K, used 27884K [0x0000000080000000, 0x0000000100000000)
  region size 1024K, 1 young (1024K), 1 survivors (1024K)
 Metaspace       used 26554K, committed 27008K, reserved 446464K
  class space    used 3888K, committed 4096K, reserved 421888K
}
Event: 4.188 GC heap before
{Heap before GC invocations=8 (full 0):
 garbage-first heap   total 103424K, used 76012K [0x0000000080000000, 0x0000000100000000)
  region size 1024K, 49 young (50176K), 1 survivors (1024K)
 Metaspace       used 33502K, committed 33984K, reserved 454656K
  class space    used 4714K, committed 4928K, reserved 421888K
}
Event: 4.193 GC heap after
{Heap after GC invocations=9 (full 0):
 garbage-first heap   total 103424K, used 32452K [0x0000000080000000, 0x0000000100000000)
  region size 1024K, 6 young (6144K), 6 survivors (6144K)
 Metaspace       used 33502K, committed 33984K, reserved 454656K
  class space    used 4714K, committed 4928K, reserved 421888K
}
Event: 4.605 GC heap before
{Heap before GC invocations=9 (full 0):
 garbage-first heap   total 103424K, used 60100K [0x0000000080000000, 0x0000000100000000)
  region size 1024K, 30 young (30720K), 6 survivors (6144K)
 Metaspace       used 35543K, committed 35968K, reserved 454656K
  class space    used 4896K, committed 5120K, reserved 421888K
}
Event: 4.609 GC heap after
{Heap after GC invocations=10 (full 0):
 garbage-first heap   total 103424K, used 34290K [0x0000000080000000, 0x0000000100000000)
  region size 1024K, 4 young (4096K), 4 survivors (4096K)
 Metaspace       used 35543K, committed 35968K, reserved 454656K
  class space    used 4896K, committed 5120K, reserved 421888K
}

Deoptimization events (20 events):
Event: 4.710 Thread 0x000001bce7b31120 Uncommon trap: trap_request=0xffffff45 fr.pc=0x000001bcd5e9ba70 relative=0x00000000000005b0
Event: 4.710 Thread 0x000001bce7b31120 Uncommon trap: reason=unstable_if action=reinterpret pc=0x000001bcd5e9ba70 method=java.util.HashMap.hash(Ljava/lang/Object;)I @ 1 c2
Event: 4.710 Thread 0x000001bce7b31120 DEOPT PACKING pc=0x000001bcd5e9ba70 sp=0x00000088adbf6390
Event: 4.710 Thread 0x000001bce7b31120 DEOPT UNPACKING pc=0x000001bcce3c5c23 sp=0x00000088adbf6238 mode 2
Event: 4.769 Thread 0x000001bce7b31120 DEOPT PACKING pc=0x000001bccef24689 sp=0x00000088adbf8920
Event: 4.769 Thread 0x000001bce7b31120 DEOPT UNPACKING pc=0x000001bcce3c6763 sp=0x00000088adbf7e18 mode 0
Event: 4.843 Thread 0x000001bce7b31120 Uncommon trap: trap_request=0xffffffc6 fr.pc=0x000001bcd5f9400c relative=0x000000000000024c
Event: 4.843 Thread 0x000001bce7b31120 Uncommon trap: reason=bimorphic_or_optimized_type_check action=maybe_recompile pc=0x000001bcd5f9400c method=com.google.common.base.CharMatcher.indexIn(Ljava/lang/CharSequence;I)I @ 31 c2
Event: 4.843 Thread 0x000001bce7b31120 DEOPT PACKING pc=0x000001bcd5f9400c sp=0x00000088adbf7180
Event: 4.843 Thread 0x000001bce7b31120 DEOPT UNPACKING pc=0x000001bcce3c5c23 sp=0x00000088adbf7128 mode 2
Event: 5.223 Thread 0x000001bce7b31120 DEOPT PACKING pc=0x000001bccefcfc95 sp=0x00000088adbf3310
Event: 5.223 Thread 0x000001bce7b31120 DEOPT UNPACKING pc=0x000001bcce3c6763 sp=0x00000088adbf2798 mode 0
Event: 5.465 Thread 0x000001bce7b31120 Uncommon trap: trap_request=0xffffffc6 fr.pc=0x000001bcd5f9400c relative=0x000000000000024c
Event: 5.465 Thread 0x000001bce7b31120 Uncommon trap: reason=bimorphic_or_optimized_type_check action=maybe_recompile pc=0x000001bcd5f9400c method=com.google.common.base.CharMatcher.indexIn(Ljava/lang/CharSequence;I)I @ 31 c2
Event: 5.465 Thread 0x000001bce7b31120 DEOPT PACKING pc=0x000001bcd5f9400c sp=0x00000088adbf8b50
Event: 5.465 Thread 0x000001bce7b31120 DEOPT UNPACKING pc=0x000001bcce3c5c23 sp=0x00000088adbf8af8 mode 2
Event: 8.538 Thread 0x000001bce7b31120 Uncommon trap: trap_request=0xffffffcc fr.pc=0x000001bcd605af1c relative=0x00000000000013fc
Event: 8.538 Thread 0x000001bce7b31120 Uncommon trap: reason=intrinsic_or_type_checked_inlining action=make_not_entrant pc=0x000001bcd605af1c method=java.util.ArrayList.toArray([Ljava/lang/Object;)[Ljava/lang/Object; @ 36 c2
Event: 8.538 Thread 0x000001bce7b31120 DEOPT PACKING pc=0x000001bcd605af1c sp=0x00000088adbf7600
Event: 9.536 Thread 0x000001bce7b31120 DEOPT UNPACKING pc=0x000001bcce3c5c23 sp=0x00000088adbf7548 mode 2

Classes unloaded (0 events):
No events

Classes redefined (0 events):
No events

Internal exceptions (20 events):
Event: 4.781 Thread 0x000001bce7b31120 Exception <a 'java/lang/ClassNotFoundException'{0x0000000085a5c4b0}: org/gradle/initialization/SettingsScriptCustomizer> (0x0000000085a5c4b0) 
thrown [t:\workspace\open\src\hotspot\share\classfile\systemDictionary.cpp, line 256]
Event: 4.782 Thread 0x000001bce7b31120 Exception <a 'java/lang/ClassNotFoundException'{0x0000000085a6b1d0}: settings_929kr69z73bay24x0e0p6n2qsCustomizer> (0x0000000085a6b1d0) 
thrown [t:\workspace\open\src\hotspot\share\classfile\systemDictionary.cpp, line 256]
Event: 4.793 Thread 0x000001bce7b31120 Exception <a 'java/lang/ClassNotFoundException'{0x000000008591f940}: org/gradle/initialization/DefaultSettings_DecoratedBeanInfo> (0x000000008591f940) 
thrown [t:\workspace\open\src\hotspot\share\classfile\systemDictionary.cpp, line 256]
Event: 4.794 Thread 0x000001bce7b31120 Exception <a 'java/lang/ClassNotFoundException'{0x00000000859303a8}: org/gradle/initialization/DefaultSettingsBeanInfo> (0x00000000859303a8) 
thrown [t:\workspace\open\src\hotspot\share\classfile\systemDictionary.cpp, line 256]
Event: 4.794 Thread 0x000001bce7b31120 Exception <a 'java/lang/ClassNotFoundException'{0x0000000085940e00}: org/gradle/initialization/DefaultSettingsCustomizer> (0x0000000085940e00) 
thrown [t:\workspace\open\src\hotspot\share\classfile\systemDictionary.cpp, line 256]
Event: 4.797 Thread 0x000001bce7b31120 Exception <a 'java/lang/ClassNotFoundException'{0x000000008598b4c8}: org/gradle/initialization/DefaultSettings_DecoratedCustomizer> (0x000000008598b4c8) 
thrown [t:\workspace\open\src\hotspot\share\classfile\systemDictionary.cpp, line 256]
Event: 4.810 Thread 0x000001bce7b31120 Exception <a 'java/lang/ClassNotFoundException'{0x000000008587a060}: org/gradle/plugin/management/internal/DefaultPluginManagementSpec_DecoratedBeanInfo> (0x000000008587a060) 
thrown [t:\workspace\open\src\hotspot\share\classfile\systemDictionary.cpp, line 256]
Event: 4.811 Thread 0x000001bce7b31120 Exception <a 'java/lang/ClassNotFoundException'{0x000000008588fc10}: org/gradle/plugin/management/internal/DefaultPluginManagementSpecBeanInfo> (0x000000008588fc10) 
thrown [t:\workspace\open\src\hotspot\share\classfile\systemDictionary.cpp, line 256]
Event: 4.812 Thread 0x000001bce7b31120 Exception <a 'java/lang/ClassNotFoundException'{0x00000000858a4fd0}: org/gradle/plugin/management/internal/DefaultPluginManagementSpecCustomizer> (0x00000000858a4fd0) 
thrown [t:\workspace\open\src\hotspot\share\classfile\systemDictionary.cpp, line 256]
Event: 4.813 Thread 0x000001bce7b31120 Exception <a 'java/lang/ClassNotFoundException'{0x00000000858cb470}: org/gradle/plugin/management/internal/DefaultPluginManagementSpec_DecoratedCustomizer> (0x00000000858cb470) 
thrown [t:\workspace\open\src\hotspot\share\classfile\systemDictionary.cpp, line 256]
Event: 4.830 Thread 0x000001bce7b31120 Exception <a 'java/lang/ClassNotFoundException'{0x00000000857660e0}: org/gradle/plugin/use/internal/PluginRequestCollector$PluginDependenciesSpecImplBeanInfo> (0x00000000857660e0) 
thrown [t:\workspace\open\src\hotspot\share\classfile\systemDictionary.cpp, line 256]
Event: 4.831 Thread 0x000001bce7b31120 Exception <a 'java/lang/ClassNotFoundException'{0x0000000085779330}: org/gradle/plugin/use/internal/PluginRequestCollector$PluginDependenciesSpecImplCustomizer> (0x0000000085779330) 
thrown [t:\workspace\open\src\hotspot\share\classfile\systemDictionary.cpp, line 256]
Event: 4.852 Thread 0x000001bce7b31120 Exception <a 'java/lang/IncompatibleClassChangeError'{0x00000000857f6e58}: Found class java.lang.Object, but interface was expected> (0x00000000857f6e58) 
thrown [t:\workspace\open\src\hotspot\share\interpreter\linkResolver.cpp, line 833]
Event: 5.153 Thread 0x000001bce7b31120 Exception <a 'java/lang/NoSuchMethodError'{0x000000008475b618}: 'java.lang.Object java.lang.invoke.DirectMethodHandle$Holder.newInvokeSpecial(java.lang.Object, java.lang.Object, java.lang.Object, java.lang.Object, java.lang.Object, java.lang.Object, java.lang.Object, java.lang.Object, java.lang.Object, java.lang.Object, java.lang.Object)'> (0x000000008475b618) 
thrown [t:\workspace\open\src\hotspot\share\interpreter\linkResolver.cpp, line 766]
Event: 5.153 Thread 0x000001bce7b31120 Exception <a 'java/lang/NoSuchMethodError'{0x00000000847613f8}: 'java.lang.Object java.lang.invoke.DirectMethodHandle$Holder.invokeSpecial(java.lang.Object, java.lang.Object, java.lang.Object, java.lang.Object, java.lang.Object, java.lang.Object, java.lang.Object, java.lang.Object, java.lang.Object, java.lang.Object, java.lang.Object, java.lang.Object)'> (0x00000000847613f8) 
thrown [t:\workspace\open\src\hotspot\share\interpreter\linkResolver.cpp, line 766]
Event: 5.153 Thread 0x000001bce7b31120 Exception <a 'java/lang/NoSuchMethodError'{0x0000000084766d38}: 'java.lang.Object java.lang.invoke.Invokers$Holder.linkToTargetMethod(java.lang.Object, java.lang.Object, java.lang.Object, java.lang.Object, java.lang.Object, java.lang.Object, java.lang.Object, java.lang.Object, java.lang.Object, java.lang.Object, java.lang.Object)'> (0x0000000084766d38) 
thrown [t:\workspace\open\src\hotspot\share\interpreter\linkResolver.cpp, line 766]
Event: 5.167 Thread 0x000001bce7b31120 Exception <a 'java/lang/NoSuchMethodError'{0x00000000847e9208}: 'java.lang.Object java.lang.invoke.DirectMethodHandle$Holder.newInvokeSpecial(java.lang.Object, java.lang.Object, java.lang.Object, java.lang.Object, java.lang.Object, java.lang.Object, java.lang.Object, java.lang.Object, java.lang.Object, java.lang.Object, java.lang.Object, java.lang.Object)'> (0x00000000847e9208) 
thrown [t:\workspace\open\src\hotspot\share\interpreter\linkResolver.cpp, line 766]
Event: 5.168 Thread 0x000001bce7b31120 Exception <a 'java/lang/NoSuchMethodError'{0x00000000847ef1d0}: 'java.lang.Object java.lang.invoke.DirectMethodHandle$Holder.invokeSpecial(java.lang.Object, java.lang.Object, java.lang.Object, java.lang.Object, java.lang.Object, java.lang.Object, java.lang.Object, java.lang.Object, java.lang.Object, java.lang.Object, java.lang.Object, java.lang.Object, java.lang.Object)'> (0x00000000847ef1d0) 
thrown [t:\workspace\open\src\hotspot\share\interpreter\linkResolver.cpp, line 766]
Event: 5.168 Thread 0x000001bce7b31120 Exception <a 'java/lang/NoSuchMethodError'{0x00000000847f4c98}: 'java.lang.Object java.lang.invoke.Invokers$Holder.linkToTargetMethod(java.lang.Object, java.lang.Object, java.lang.Object, java.lang.Object, java.lang.Object, java.lang.Object, java.lang.Object, java.lang.Object, java.lang.Object, java.lang.Object, java.lang.Object, java.lang.Object)'> (0x00000000847f4c98) 
thrown [t:\workspace\open\src\hotspot\share\interpreter\linkResolver.cpp, line 766]
Event: 5.431 Thread 0x000001bce7b31120 Exception <a 'java/lang/NoSuchMethodError'{0x0000000083dae898}: 'void java.lang.invoke.DirectMethodHandle$Holder.invokeInterface(java.lang.Object, java.lang.Object)'> (0x0000000083dae898) 
thrown [t:\workspace\open\src\hotspot\share\interpreter\linkResolver.cpp, line 766]

VM Operations (20 events):
Event: 4.067 Executing VM operation: HandshakeAllThreads done
Event: 4.071 Executing VM operation: HandshakeAllThreads
Event: 4.071 Executing VM operation: HandshakeAllThreads done
Event: 4.146 Executing VM operation: HandshakeAllThreads
Event: 4.146 Executing VM operation: HandshakeAllThreads done
Event: 4.188 Executing VM operation: G1CollectForAllocation
Event: 4.193 Executing VM operation: G1CollectForAllocation done
Event: 4.560 Executing VM operation: ICBufferFull
Event: 4.560 Executing VM operation: ICBufferFull done
Event: 4.605 Executing VM operation: CollectForMetadataAllocation
Event: 4.609 Executing VM operation: CollectForMetadataAllocation done
Event: 4.619 Executing VM operation: G1Concurrent
Event: 4.621 Executing VM operation: G1Concurrent done
Event: 4.626 Executing VM operation: G1Concurrent
Event: 4.626 Executing VM operation: G1Concurrent done
Event: 4.713 Executing VM operation: HandshakeAllThreads
Event: 4.713 Executing VM operation: HandshakeAllThreads done
Event: 5.722 Executing VM operation: Cleanup
Event: 5.722 Executing VM operation: Cleanup done
Event: 8.742 Executing VM operation: Cleanup

Events (20 events):
Event: 4.730 loading class jdk/internal/reflect/UnsafeStaticIntegerFieldAccessorImpl
Event: 4.730 loading class jdk/internal/reflect/UnsafeStaticIntegerFieldAccessorImpl done
Event: 4.767 Thread 0x000001bce86ac770 Thread added: 0x000001bce86ac770
Event: 4.842 loading class java/util/DualPivotQuicksort
Event: 4.842 loading class java/util/DualPivotQuicksort done
Event: 5.186 Thread 0x000001bce86acc40 Thread added: 0x000001bce86acc40
Event: 5.266 Thread 0x000001bce86af2c0 Thread added: 0x000001bce86af2c0
Event: 5.446 loading class java/util/PrimitiveIterator$OfInt
Event: 5.447 loading class java/util/PrimitiveIterator
Event: 5.448 loading class java/util/PrimitiveIterator done
Event: 5.448 loading class java/util/PrimitiveIterator$OfInt done
Event: 5.454 loading class java/util/concurrent/RecursiveAction
Event: 5.456 loading class java/util/concurrent/RecursiveAction done
Event: 5.480 loading class java/util/stream/ReduceOps$2
Event: 5.480 loading class java/util/stream/ReduceOps$2 done
Event: 5.480 loading class java/util/stream/ReduceOps$2ReducingSink
Event: 5.480 loading class java/util/stream/ReduceOps$2ReducingSink done
Event: 8.526 Thread 0x000001bcec00af70 Thread added: 0x000001bcec00af70
Event: 8.526 Thread 0x000001bce9e034a0 Thread added: 0x000001bce9e034a0
Event: 8.529 Thread 0x000001bce86af790 Thread added: 0x000001bce86af790


Dynamic libraries:
0x00007ff78bdd0000 - 0x00007ff78bde0000 	C:\Program Files\Java\jdk-17\bin\java.exe
0x00007fff0e300000 - 0x00007fff0e560000 	C:\WINDOWS\SYSTEM32\ntdll.dll
0x00007fff0cdb0000 - 0x00007fff0ce77000 	C:\WINDOWS\System32\KERNEL32.DLL
0x00007fff0b7a0000 - 0x00007fff0bb6a000 	C:\WINDOWS\System32\KERNELBASE.dll
0x00007fff053d0000 - 0x00007fff0546c000 	C:\WINDOWS\SYSTEM32\apphelp.dll
0x00007fff0b4e0000 - 0x00007fff0b62b000 	C:\WINDOWS\System32\ucrtbase.dll
0x00007ffed6ee0000 - 0x00007ffed6efa000 	C:\Program Files\Java\jdk-17\bin\VCRUNTIME140.dll
0x00007ffed3020000 - 0x00007ffed3038000 	C:\Program Files\Java\jdk-17\bin\jli.dll
0x00007fff0df40000 - 0x00007fff0dff2000 	C:\WINDOWS\System32\ADVAPI32.dll
0x00007fff0c110000 - 0x00007fff0c1b9000 	C:\WINDOWS\System32\msvcrt.dll
0x00007fff0c320000 - 0x00007fff0c3c6000 	C:\WINDOWS\System32\sechost.dll
0x00007fff0cf00000 - 0x00007fff0d016000 	C:\WINDOWS\System32\RPCRT4.dll
0x00007fff0e010000 - 0x00007fff0e1dc000 	C:\WINDOWS\System32\USER32.dll
0x00007fff0c0d0000 - 0x00007fff0c0f7000 	C:\WINDOWS\System32\win32u.dll
0x00007fff0de20000 - 0x00007fff0de4a000 	C:\WINDOWS\System32\GDI32.dll
0x00007ffef1190000 - 0x00007ffef1427000 	C:\WINDOWS\WinSxS\amd64_microsoft.windows.common-controls_6595b64144ccf1df_6.0.26100.3624_none_3e086962e3345f24\COMCTL32.dll
0x00007fff0be60000 - 0x00007fff0bf91000 	C:\WINDOWS\System32\gdi32full.dll
0x00007fff0b630000 - 0x00007fff0b6d3000 	C:\WINDOWS\System32\msvcp_win.dll
0x00007ffefbe20000 - 0x00007ffefbe2b000 	C:\WINDOWS\SYSTEM32\VERSION.dll
0x00007fff0c3e0000 - 0x00007fff0c40f000 	C:\WINDOWS\System32\IMM32.DLL
0x0000000053630000 - 0x000000005363c000 	C:\Program Files (x86)\360\Total Security\safemon\SafeWrapper.dll
0x00007ffe85770000 - 0x00007ffe8581c000 	C:\Program Files (x86)\360\Total Security\safemon\libzdtp64.dll
0x00007fff0d620000 - 0x00007fff0dd49000 	C:\WINDOWS\System32\SHELL32.dll
0x00007fff0bcf0000 - 0x00007fff0be58000 	C:\WINDOWS\System32\wintypes.dll
0x00007fff0c590000 - 0x00007fff0c912000 	C:\WINDOWS\System32\combase.dll
0x00007fff0dd50000 - 0x00007fff0ddb4000 	C:\WINDOWS\System32\SHLWAPI.dll
0x00007ffed6ed0000 - 0x00007ffed6edc000 	C:\Program Files\Java\jdk-17\bin\vcruntime140_1.dll
0x00007ffe81630000 - 0x00007ffe816bd000 	C:\Program Files\Java\jdk-17\bin\msvcp140.dll
0x00007ffe29cd0000 - 0x00007ffe2a88e000 	C:\Program Files\Java\jdk-17\bin\server\jvm.dll
0x00007fff0c100000 - 0x00007fff0c108000 	C:\WINDOWS\System32\PSAPI.DLL
0x00007ffeed890000 - 0x00007ffeed89a000 	C:\WINDOWS\SYSTEM32\WSOCK32.dll
0x00007fff010a0000 - 0x00007fff010d6000 	C:\WINDOWS\SYSTEM32\WINMM.dll
0x00007fff0ce80000 - 0x00007fff0cef4000 	C:\WINDOWS\System32\WS2_32.dll
0x00007fff0a410000 - 0x00007fff0a42a000 	C:\WINDOWS\SYSTEM32\kernel.appcore.dll
0x00007ffed4fd0000 - 0x00007ffed4fda000 	C:\Program Files\Java\jdk-17\bin\jimage.dll
0x00007fff08c10000 - 0x00007fff08e51000 	C:\WINDOWS\SYSTEM32\DBGHELP.DLL
0x00007fff0e1e0000 - 0x00007fff0e2b6000 	C:\WINDOWS\System32\OLEAUT32.dll
0x00007ffeec7d0000 - 0x00007ffeec809000 	C:\WINDOWS\SYSTEM32\dbgcore.DLL
0x00007fff0bfa0000 - 0x00007fff0c039000 	C:\WINDOWS\System32\bcryptPrimitives.dll
0x00007ffed3010000 - 0x00007ffed301e000 	C:\Program Files\Java\jdk-17\bin\instrument.dll
0x00007ffed2c60000 - 0x00007ffed2c85000 	C:\Program Files\Java\jdk-17\bin\java.dll
0x00007ffe81550000 - 0x00007ffe81626000 	C:\Program Files\Java\jdk-17\bin\svml.dll
0x00007fff091a0000 - 0x00007fff099f2000 	C:\WINDOWS\SYSTEM32\windows.storage.dll
0x00007fff0de50000 - 0x00007fff0df3d000 	C:\WINDOWS\System32\SHCORE.dll
0x00007fff0b3f0000 - 0x00007fff0b41f000 	C:\WINDOWS\SYSTEM32\profapi.dll
0x00007ffed2e80000 - 0x00007ffed2e98000 	C:\Program Files\Java\jdk-17\bin\zip.dll
0x00007ffed2110000 - 0x00007ffed2129000 	C:\Program Files\Java\jdk-17\bin\net.dll
0x00007ffef9af0000 - 0x00007ffef9c0d000 	C:\WINDOWS\SYSTEM32\WINHTTP.dll
0x00007fff0a930000 - 0x00007fff0a99a000 	C:\WINDOWS\system32\mswsock.dll
0x00007ffecd980000 - 0x00007ffecd995000 	C:\Program Files\Java\jdk-17\bin\nio.dll
0x00007ffed2f60000 - 0x00007ffed2f70000 	C:\Program Files\Java\jdk-17\bin\verify.dll
0x00007ffed2a20000 - 0x00007ffed2a47000 	C:\Users\ramonbl\.gradle\native\1def1411415f61bf3af743bc5b6707747c0891f09f0c88961ee8f79bc544acac\windows-amd64\native-platform.dll
0x00007ffeb7cd0000 - 0x00007ffeb7d48000 	C:\Users\ramonbl\.gradle\native\0.2.7\x86_64-windows-gnu\gradle-fileevents.dll
0x00007ffed2dc0000 - 0x00007ffed2dc9000 	C:\Program Files\Java\jdk-17\bin\management.dll
0x00007ffed2c20000 - 0x00007ffed2c2b000 	C:\Program Files\Java\jdk-17\bin\management_ext.dll
0x00007fff09e40000 - 0x00007fff09e73000 	C:\WINDOWS\SYSTEM32\IPHLPAPI.DLL
0x00007fff0d200000 - 0x00007fff0d20a000 	C:\WINDOWS\System32\NSI.dll
0x00007ffefb270000 - 0x00007ffefb28f000 	C:\WINDOWS\SYSTEM32\dhcpcsvc6.DLL
0x00007ffefb0d0000 - 0x00007ffefb0f5000 	C:\WINDOWS\SYSTEM32\dhcpcsvc.DLL
0x00007fff09e80000 - 0x00007fff09fa5000 	C:\WINDOWS\SYSTEM32\DNSAPI.dll
0x00007fff0abd0000 - 0x00007fff0abec000 	C:\WINDOWS\SYSTEM32\CRYPTSP.dll
0x00007fff0a370000 - 0x00007fff0a3aa000 	C:\WINDOWS\system32\rsaenh.dll
0x00007fff0a9d0000 - 0x00007fff0a9fb000 	C:\WINDOWS\SYSTEM32\USERENV.dll
0x00007fff0b3c0000 - 0x00007fff0b3e6000 	C:\WINDOWS\SYSTEM32\bcrypt.dll
0x00007fff0abf0000 - 0x00007fff0abfc000 	C:\WINDOWS\SYSTEM32\CRYPTBASE.dll
0x00007ffed2a10000 - 0x00007ffed2a1e000 	C:\Program Files\Java\jdk-17\bin\sunmscapi.dll
0x00007fff0bb70000 - 0x00007fff0bce7000 	C:\WINDOWS\System32\CRYPT32.dll
0x00007fff0add0000 - 0x00007fff0ae00000 	C:\WINDOWS\SYSTEM32\ncrypt.dll
0x00007fff0ad80000 - 0x00007fff0adbf000 	C:\WINDOWS\SYSTEM32\NTASN1.dll
0x00007ffec6de0000 - 0x00007ffec6de8000 	C:\WINDOWS\system32\wshunix.dll

dbghelp: loaded successfully - version: 4.0.5 - missing functions: none
symbol engine: initialized successfully - sym options: 0x614 - pdb path: .;C:\Program Files\Java\jdk-17\bin;C:\WINDOWS\SYSTEM32;C:\WINDOWS\WinSxS\amd64_microsoft.windows.common-controls_6595b64144ccf1df_6.0.26100.3624_none_3e086962e3345f24;C:\Program Files (x86)\360\Total Security\safemon;C:\Program Files\Java\jdk-17\bin\server;C:\Users\ramonbl\.gradle\native\1def1411415f61bf3af743bc5b6707747c0891f09f0c88961ee8f79bc544acac\windows-amd64;C:\Users\ramonbl\.gradle\native\0.2.7\x86_64-windows-gnu

VM Arguments:
jvm_args: --add-opens=java.base/java.lang=ALL-UNNAMED --add-opens=java.base/java.lang.invoke=ALL-UNNAMED --add-opens=java.base/java.util=ALL-UNNAMED --add-opens=java.prefs/java.util.prefs=ALL-UNNAMED --add-exports=jdk.compiler/com.sun.tools.javac.api=ALL-UNNAMED --add-exports=jdk.compiler/com.sun.tools.javac.util=ALL-UNNAMED --add-opens=java.base/java.util=ALL-UNNAMED --add-opens=java.prefs/java.util.prefs=ALL-UNNAMED --add-opens=java.base/java.nio.charset=ALL-UNNAMED --add-opens=java.base/java.net=ALL-UNNAMED --add-opens=java.base/java.util.concurrent.atomic=ALL-UNNAMED --add-opens=java.xml/javax.xml.namespace=ALL-UNNAMED -XX:MaxMetaspaceSize=512m -Xmx2048m -Dfile.encoding=UTF-8 -Duser.country=MX -Duser.language=es -Duser.variant -javaagent:C:\Users\ramonbl\.gradle\wrapper\dists\gradle-8.13-bin\5xuhj0ry160q40clulazy9h7d\gradle-8.13\lib\agents\gradle-instrumentation-agent-8.13.jar 
java_command: org.gradle.launcher.daemon.bootstrap.GradleDaemon 8.13
java_class_path (initial): C:\Users\ramonbl\.gradle\wrapper\dists\gradle-8.13-bin\5xuhj0ry160q40clulazy9h7d\gradle-8.13\lib\gradle-daemon-main-8.13.jar
Launcher Type: SUN_STANDARD

[Global flags]
     intx CICompilerCount                          = 4                                         {product} {ergonomic}
   size_t CompressedClassSpaceSize                 = 432013312                                 {product} {ergonomic}
     uint ConcGCThreads                            = 3                                         {product} {ergonomic}
     uint G1ConcRefinementThreads                  = 10                                        {product} {ergonomic}
   size_t G1HeapRegionSize                         = 1048576                                   {product} {ergonomic}
    uintx GCDrainStackTargetSize                   = 64                                        {product} {ergonomic}
   size_t InitialHeapSize                          = 130023424                                 {product} {ergonomic}
   size_t MarkStackSize                            = 4194304                                   {product} {ergonomic}
   size_t MaxHeapSize                              = 2147483648                                {product} {command line}
   size_t MaxMetaspaceSize                         = 536870912                                 {product} {command line}
   size_t MaxNewSize                               = 1287651328                                {product} {ergonomic}
   size_t MinHeapDeltaBytes                        = 1048576                                   {product} {ergonomic}
   size_t MinHeapSize                              = 8388608                                   {product} {ergonomic}
    uintx NonNMethodCodeHeapSize                   = 5839372                                {pd product} {ergonomic}
    uintx NonProfiledCodeHeapSize                  = 122909434                              {pd product} {ergonomic}
    uintx ProfiledCodeHeapSize                     = 122909434                              {pd product} {ergonomic}
    uintx ReservedCodeCacheSize                    = 251658240                              {pd product} {ergonomic}
     bool SegmentedCodeCache                       = true                                      {product} {ergonomic}
   size_t SoftMaxHeapSize                          = 2147483648                             {manageable} {ergonomic}
     bool UseCompressedClassPointers               = true                           {product lp64_product} {ergonomic}
     bool UseCompressedOops                        = true                           {product lp64_product} {ergonomic}
     bool UseG1GC                                  = true                                      {product} {ergonomic}
     bool UseLargePagesIndividualAllocation        = false                                  {pd product} {ergonomic}

Logging:
Log output configuration:
 #0: stdout all=warning uptime,level,tags
 #1: stderr all=off uptime,level,tags

Environment Variables:
JAVA_HOME=C:\Program Files\Java\jdk-17.0.10
PATH=C:\Program Files\Common Files\Oracle\Java\javapath;C:\Program Files (x86)\Common Files\Oracle\Java\javapath;C:\Windows\system32;C:\Windows;C:\Windows\System32\Wbem;C:\Windows\System32\WindowsPowerShell\v1.0\;C:\Windows\System32\OpenSSH\;C:\Program Files (x86)\NVIDIA Corporation\PhysX\Common;C:\Program Files\NVIDIA Corporation\NVIDIA NvDLISR;C:\Program Files\dotnet\;C:\Program Files (x86)\Microsoft SQL Server\160\Tools\Binn\;C:\Program Files\Microsoft SQL Server\160\Tools\Binn\;C:\Program Files\Microsoft SQL Server\Client SDK\ODBC\170\Tools\Binn\;C:\Program Files\Microsoft SQL Server\160\DTS\Binn\;C:\Program Files (x86)\Microsoft SQL Server\160\DTS\Binn\;C:\Program Files (x86)\Windows Kits\10\Windows Performance Toolkit\;C:\Program Files\Microsoft SQL Server\150\Tools\Binn\;C:\Program Files\Git\cmd;C:\WINDOWS\system32;C:\WINDOWS;C:\WINDOWS\System32\Wbem;C:\WINDOWS\System32\WindowsPowerShell\v1.0\;C:\WINDOWS\System32\OpenSSH\;C:\Program Files\nodejs\;C:\Users\ramonbl\AppData\Local\Microsoft\WindowsApps;C:\Users\ramonbl\AppData\Local\Programs\Microsoft VS Code\bin;C:\Users\ramonbl\.dotnet\tools;C:\Users\ramonbl\AppData\Roaming\npm
USERNAME=ramonbl
OS=Windows_NT
PROCESSOR_IDENTIFIER=Intel64 Family 6 Model 141 Stepping 1, GenuineIntel



---------------  S Y S T E M  ---------------

OS:
 Windows 10 , 64 bit Build 26100 (10.0.26100.3775)
OS uptime: 0 days 14:08 hours
Hyper-V role detected

CPU: total 12 (initial active 12) (6 cores per cpu, 2 threads per core) family 6 model 141 stepping 1 microcode 0x50, cx8, cmov, fxsr, ht, mmx, 3dnowpref, sse, sse2, sse3, ssse3, sse4.1, sse4.2, popcnt, lzcnt, tsc, tscinvbit, avx, avx2, aes, erms, clmul, bmi1, bmi2, adx, avx512f, avx512dq, avx512cd, avx512bw, avx512vl, sha, fma, vzeroupper, avx512_vpopcntdq, avx512_vpclmulqdq, avx512_vaes, avx512_vnni, clflush, clflushopt, clwb, avx512_vbmi2, avx512_vbmi, hv

Memory: 4k page, system-wide physical 7930M (1164M free)
TotalPageFile size 32506M (AvailPageFile size 5M)
current process WorkingSet (physical memory assigned to process): 257M, peak: 262M
current process commit charge ("private bytes"): 301M, peak: 303M

vm_info: Java HotSpot(TM) 64-Bit Server VM (17+35-LTS-2724) for windows-amd64 JRE (17+35-LTS-2724), built on Aug  5 2021 23:28:28 by "mach5one" with MS VC++ 16.8 (VS2019)

END.
